(base) tmp % bash ./oz_Annovar_annotation_vcfupdate_bcftools_splitnorm_032023.sh ppmi.july2018_subset92834
Lines   total/split/realigned/skipped:	3548991/222439/0/0
Lines   total/split/realigned/skipped:	3933821/0/207466/0

NOTICE: Running with system command <convert2annovar.pl  -includeinfo -allsample -withfreq -format vcf4 step2.vcf > ppmi.july2018_subset92834.avinput>
NOTICE: Finished reading 3937252 lines from VCF file
NOTICE: A total of 3933821 locus in VCF file passed QC threshold, representing 3150317 SNPs (2098944 transitions and 1051373 transversions) and 677355 indels/substitutions
NOTICE: Finished writing allele frequencies based on 3150317 SNP genotypes (2098944 transitions and 1051373 transversions) and 677355 indels/substitutions for 1 samples
WARNING: 106149 invalid alternative alleles found in input file

NOTICE: Running with system command </Users/sandra/biotools/Annovar/annovar/table_annovar.pl ppmi.july2018_subset92834.avinput /Users/sandra/biotools/Annovar/annovar/humandb -buildver hg38 -outfile ppmi.july2018_subset92834 -remove -protocol refGene,exac03,dbnsfp42c,gnomad211_genome,gnomad211_exome,avsnp150,clinvar_20210501 -operation gx,f,f,f,f,f,f -nastring . -polish --otherinfo -otherinfo>
-----------------------------------------------------------------
NOTICE: Processing operation=gx protocol=refGene
WARNING: the 'g' rather than 'gx' operation will used due to lack of -xreffile argument

NOTICE: Running with system command <annotate_variation.pl -geneanno -buildver hg38 -dbtype refGene -outfile ppmi.july2018_subset92834.refGene -exonsort -nofirstcodondel ppmi.july2018_subset92834.avinput /Users/sandra/biotools/Annovar/annovar/humandb>
NOTICE: Output files are written to ppmi.july2018_subset92834.refGene.variant_function, ppmi.july2018_subset92834.refGene.exonic_variant_function
NOTICE: Reading gene annotation from /Users/sandra/biotools/Annovar/annovar/humandb/hg38_refGene.txt ... Done with 88819 transcripts (including 21511 without coding sequence annotation) for 28307 unique genes
NOTICE: Processing next batch with 3933821 unique variants in 3933821 input lines
NOTICE: Finished analyzing 1000000 query variants
NOTICE: Finished analyzing 2000000 query variants
NOTICE: Finished analyzing 3000000 query variants
NOTICE: Reading FASTA sequences from /Users/sandra/biotools/Annovar/annovar/humandb/hg38_refGeneMrna.fa ... Done with 3809 sequences
WARNING: A total of 606 sequences will be ignored due to lack of correct ORF annotation

NOTICE: Running with system command <coding_change.pl  ppmi.july2018_subset92834.refGene.exonic_variant_function.orig /Users/sandra/biotools/Annovar/annovar/humandb/hg38_refGene.txt /Users/sandra/biotools/Annovar/annovar/humandb/hg38_refGeneMrna.fa -alltranscript -out ppmi.july2018_subset92834.refGene.fa -newevf ppmi.july2018_subset92834.refGene.exonic_variant_function>
WARNING: cannot find annotation for NM_024616 in the genefile /Users/sandra/biotools/Annovar/annovar/humandb/hg38_refGene.txt or cannot infer the transcription start site
Warning: 6 transcripts are flagged as having potential ORF issues (premature stopcodon or lack of stop codon)
-----------------------------------------------------------------
NOTICE: Processing operation=f protocol=exac03
NOTICE: Finished reading 8 column headers for '-dbtype exac03'

NOTICE: Running system command <annotate_variation.pl -filter -dbtype exac03 -buildver hg38 -outfile ppmi.july2018_subset92834 ppmi.july2018_subset92834.avinput /Users/sandra/biotools/Annovar/annovar/humandb -otherinfo>
NOTICE: Output file with variants matching filtering criteria is written to ppmi.july2018_subset92834.hg38_exac03_dropped, and output file with other variants is written to ppmi.july2018_subset92834.hg38_exac03_filtered
NOTICE: Processing next batch with 3933778 unique variants in 3933821 input lines
NOTICE: Database index loaded. Total number of bins is 749044 and the number of bins to be scanned is 32153
NOTICE: Scanning filter database /Users/sandra/biotools/Annovar/annovar/humandb/hg38_exac03.txt...Done
-----------------------------------------------------------------
NOTICE: Processing operation=f protocol=dbnsfp42c
NOTICE: Finished reading 90 column headers for '-dbtype dbnsfp42c'

NOTICE: Running system command <annotate_variation.pl -filter -dbtype dbnsfp42c -buildver hg38 -outfile ppmi.july2018_subset92834 ppmi.july2018_subset92834.avinput /Users/sandra/biotools/Annovar/annovar/humandb -otherinfo>
NOTICE: Output file with variants matching filtering criteria is written to ppmi.july2018_subset92834.hg38_dbnsfp42c_dropped, and output file with other variants is written to ppmi.july2018_subset92834.hg38_dbnsfp42c_filtered
NOTICE: Processing next batch with 3933778 unique variants in 3933821 input lines
NOTICE: Database index loaded. Total number of bins is 556674 and the number of bins to be scanned is 23194
NOTICE: Scanning filter database /Users/sandra/biotools/Annovar/annovar/humandb/hg38_dbnsfp42c.txt...Done
-----------------------------------------------------------------
NOTICE: Processing operation=f protocol=gnomad211_genome
NOTICE: Finished reading 17 column headers for '-dbtype gnomad211_genome'

NOTICE: Running system command <annotate_variation.pl -filter -dbtype gnomad211_genome -buildver hg38 -outfile ppmi.july2018_subset92834 ppmi.july2018_subset92834.avinput /Users/sandra/biotools/Annovar/annovar/humandb -otherinfo>
NOTICE: Output file with variants matching filtering criteria is written to ppmi.july2018_subset92834.hg38_gnomad211_genome_dropped, and output file with other variants is written to ppmi.july2018_subset92834.hg38_gnomad211_genome_filtered
NOTICE: Processing next batch with 3933778 unique variants in 3933821 input lines
NOTICE: Database index loaded. Total number of bins is 28076758 and the number of bins to be scanned is 1565398
NOTICE: Scanning filter database /Users/sandra/biotools/Annovar/annovar/humandb/hg38_gnomad211_genome.txt...Done
-----------------------------------------------------------------
NOTICE: Processing operation=f protocol=gnomad211_exome
NOTICE: Finished reading 17 column headers for '-dbtype gnomad211_exome'

NOTICE: Running system command <annotate_variation.pl -filter -dbtype gnomad211_exome -buildver hg38 -outfile ppmi.july2018_subset92834 ppmi.july2018_subset92834.avinput /Users/sandra/biotools/Annovar/annovar/humandb -otherinfo>
NOTICE: Output file with variants matching filtering criteria is written to ppmi.july2018_subset92834.hg38_gnomad211_exome_dropped, and output file with other variants is written to ppmi.july2018_subset92834.hg38_gnomad211_exome_filtered
NOTICE: Processing next batch with 3933778 unique variants in 3933821 input lines
NOTICE: Database index loaded. Total number of bins is 771804 and the number of bins to be scanned is 32911
NOTICE: Scanning filter database /Users/sandra/biotools/Annovar/annovar/humandb/hg38_gnomad211_exome.txt...Done
-----------------------------------------------------------------
NOTICE: Processing operation=f protocol=avsnp150

NOTICE: Running system command <annotate_variation.pl -filter -dbtype avsnp150 -buildver hg38 -outfile ppmi.july2018_subset92834 ppmi.july2018_subset92834.avinput /Users/sandra/biotools/Annovar/annovar/humandb>
NOTICE: Output file with variants matching filtering criteria is written to ppmi.july2018_subset92834.hg38_avsnp150_dropped, and output file with other variants is written to ppmi.july2018_subset92834.hg38_avsnp150_filtered
NOTICE: Processing next batch with 3933778 unique variants in 3933821 input lines
NOTICE: Database index loaded. Total number of bins is 28304406 and the number of bins to be scanned is 1567268
NOTICE: Scanning filter database /Users/sandra/biotools/Annovar/annovar/humandb/hg38_avsnp150.txt...Done
-----------------------------------------------------------------
NOTICE: Processing operation=f protocol=clinvar_20210501
NOTICE: Finished reading 5 column headers for '-dbtype clinvar_20210501'

NOTICE: Running system command <annotate_variation.pl -filter -dbtype clinvar_20210501 -buildver hg38 -outfile ppmi.july2018_subset92834 ppmi.july2018_subset92834.avinput /Users/sandra/biotools/Annovar/annovar/humandb -otherinfo>
NOTICE: the --dbtype clinvar_20210501 is assumed to be in generic ANNOVAR database format
NOTICE: Output file with variants matching filtering criteria is written to ppmi.july2018_subset92834.hg38_clinvar_20210501_dropped, and output file with other variants is written to ppmi.july2018_subset92834.hg38_clinvar_20210501_filtered
NOTICE: Processing next batch with 3933778 unique variants in 3933821 input lines
NOTICE: Database index loaded. Total number of bins is 76449 and the number of bins to be scanned is 4523
NOTICE: Scanning filter database /Users/sandra/biotools/Annovar/annovar/humandb/hg38_clinvar_20210501.txt...Done
-----------------------------------------------------------------
NOTICE: Multianno output file is written to ppmi.july2018_subset92834.hg38_multianno.txt

NOTICE: Reading from ppmi.july2018_subset92834.hg38_multianno.txt
-----------------------------------------------------------------
NOTICE: VCF output is written to ppmi.july2018_subset92834.hg38_multianno.vcf

